make[1]: Entering directory '/mnt/k/asp3_Rp1_21_0v1Web2019/build21_50tt'
arm-none-eabi-gcc -c -MD -MP -MF deps/spi0.d -O2 -Wall -g   -mcpu=arm1176jzf-s  -DTOPPERS_USE_BCM2835 -D__TARGET_ARCH_ARM=6  -I. -I../include  -I../target/rp1_gcc -I../arch/arm_gcc/bcm283x -I../arch/arm_gcc/common -I../arch/gcc -I.. -I../21_50tt -I./gen -I../tecs_kernel  spi0.c
spi0.c:4:1: warning: data definition has no type or storage class
 gpio_configure(int, int);// pin,mode
 ^
spi0.c:4:1: warning: type defaults to 'int' in declaration of 'gpio_configure' [-Wimplicit-int]
spi0.c: In function 'SPI0_begin':
spi0.c:12:16: warning: unused variable 'res1' [-Wunused-variable]
  vu32_t *res0,*res1;
                ^
spi0.c:12:10: warning: unused variable 'res0' [-Wunused-variable]
  vu32_t *res0,*res1;
          ^
spi0.c: In function 'SPI0_setClockDivider':
spi0.c:98:2: warning: statement with no effect [-Wunused-value]
  for(i=1;i < 0x10000;i << 1){
  ^
arm-none-eabi-gcc -c -MD -MP -MF deps/i2c1.d -O2 -Wall -g   -mcpu=arm1176jzf-s  -DTOPPERS_USE_BCM2835 -D__TARGET_ARCH_ARM=6  -I. -I../include  -I../target/rp1_gcc -I../arch/arm_gcc/bcm283x -I../arch/arm_gcc/common -I../arch/gcc -I.. -I../21_50tt -I./gen -I../tecs_kernel  ../21_50tt/i2c1.c
../21_50tt/i2c1.c:4:1: warning: data definition has no type or storage class
 gpio_configure(int, int);// pin,mode
 ^
../21_50tt/i2c1.c:4:1: warning: type defaults to 'int' in declaration of 'gpio_configure' [-Wimplicit-int]
../21_50tt/i2c1.c: In function 'Wire1_begin':
../21_50tt/i2c1.c:26:10: warning: unused variable 'res0' [-Wunused-variable]
  vu32_t *res0;
          ^
../21_50tt/i2c1.c: In function 'Wire1_requestFrom':
../21_50tt/i2c1.c:50:6: warning: unused variable 'i' [-Wunused-variable]
  int i=0;
      ^
arm-none-eabi-gcc -c -MD -MP -MF deps/ADT7310.d -O2 -Wall -g   -mcpu=arm1176jzf-s  -DTOPPERS_USE_BCM2835 -D__TARGET_ARCH_ARM=6  -I. -I../include  -I../target/rp1_gcc -I../arch/arm_gcc/bcm283x -I../arch/arm_gcc/common -I../arch/gcc -I.. -I../21_50tt -I./gen -I../tecs_kernel  ../21_50tt/ADT7310.c
arm-none-eabi-gcc -c -MD -MP -MF deps/AQM0802p.d -O2 -Wall -g   -mcpu=arm1176jzf-s  -DTOPPERS_USE_BCM2835 -D__TARGET_ARCH_ARM=6  -I. -I../include  -I../target/rp1_gcc -I../arch/arm_gcc/bcm283x -I../arch/arm_gcc/common -I../arch/gcc -I.. -I../21_50tt -I./gen -I../tecs_kernel  ../21_50tt/AQM0802p.c
../21_50tt/AQM0802p.c: In function 'LCDputchar':
../21_50tt/AQM0802p.c:123:18: warning: pointer targets in passing argument 1 of 'Wire1_writeData' differ in signedness [-Wpointer-sign]
  Wire1_writeData(&c, 1);//Set (Write) to I2C Send buffer , i_byte
                  ^
In file included from ../21_50tt/../cmn00/AQM0802.h:5:0,
                 from ../21_50tt/AQM0802p.c:9:
../21_50tt/../cmn00/../cmn00/rpi_i2c.h:49:10: note: expected 'uint8_t *' but argument is of type 'char *'
 uint32_t Wire1_writeData(uint8_t *data, uint32_t quantity);
          ^
arm-none-eabi-gcc -c -MD -MP -MF deps/log_output.d -O2 -Wall -g   -mcpu=arm1176jzf-s  -DTOPPERS_USE_BCM2835 -D__TARGET_ARCH_ARM=6  -I. -I../include  -I../target/rp1_gcc -I../arch/arm_gcc/bcm283x -I../arch/arm_gcc/common -I../arch/gcc -I.. -I../21_50tt -I./gen -I../tecs_kernel  ../library/log_output.c
arm-none-eabi-gcc -c -MD -MP -MF deps/vasyslog.d -O2 -Wall -g   -mcpu=arm1176jzf-s  -DTOPPERS_USE_BCM2835 -D__TARGET_ARCH_ARM=6  -I. -I../include  -I../target/rp1_gcc -I../arch/arm_gcc/bcm283x -I../arch/arm_gcc/common -I../arch/gcc -I.. -I../21_50tt -I./gen -I../tecs_kernel  ../library/vasyslog.c
arm-none-eabi-gcc -c -MD -MP -MF deps/t_perror.d -O2 -Wall -g   -mcpu=arm1176jzf-s  -DTOPPERS_USE_BCM2835 -D__TARGET_ARCH_ARM=6  -I. -I../include  -I../target/rp1_gcc -I../arch/arm_gcc/bcm283x -I../arch/arm_gcc/common -I../arch/gcc -I.. -I../21_50tt -I./gen -I../tecs_kernel  ../library/t_perror.c
arm-none-eabi-gcc -c -MD -MP -MF deps/strerror.d -O2 -Wall -g   -mcpu=arm1176jzf-s  -DTOPPERS_USE_BCM2835 -D__TARGET_ARCH_ARM=6  -I. -I../include  -I../target/rp1_gcc -I../arch/arm_gcc/bcm283x -I../arch/arm_gcc/common -I../arch/gcc -I.. -I../21_50tt -I./gen -I../tecs_kernel  ../library/strerror.c
arm-none-eabi-gcc -c -MD -MP -MF deps/init_tecs.d -O2 -Wall -g   -mcpu=arm1176jzf-s  -DTOPPERS_USE_BCM2835 -D__TARGET_ARCH_ARM=6  -I. -I../include  -I../target/rp1_gcc -I../arch/arm_gcc/bcm283x -I../arch/arm_gcc/common -I../arch/gcc -I.. -I../21_50tt -I./gen -I../tecs_kernel  ../tecs_kernel/init_tecs.c
arm-none-eabi-gcc -c -MD -MP -MF deps/tTask_tecsgen.d -O2 -Wall -g   -mcpu=arm1176jzf-s  -DTOPPERS_USE_BCM2835 -D__TARGET_ARCH_ARM=6  -I. -I../include  -I../target/rp1_gcc -I../arch/arm_gcc/bcm283x -I../arch/arm_gcc/common -I../arch/gcc -I.. -I../21_50tt -I./gen -I../tecs_kernel  ./gen/tTask_tecsgen.c
arm-none-eabi-gcc -c -MD -MP -MF deps/tSemaphore_tecsgen.d -O2 -Wall -g   -mcpu=arm1176jzf-s  -DTOPPERS_USE_BCM2835 -D__TARGET_ARCH_ARM=6  -I. -I../include  -I../target/rp1_gcc -I../arch/arm_gcc/bcm283x -I../arch/arm_gcc/common -I../arch/gcc -I.. -I../21_50tt -I./gen -I../tecs_kernel  ./gen/tSemaphore_tecsgen.c
arm-none-eabi-gcc -c -MD -MP -MF deps/tInterruptRequest_tecsgen.d -O2 -Wall -g   -mcpu=arm1176jzf-s  -DTOPPERS_USE_BCM2835 -D__TARGET_ARCH_ARM=6  -I. -I../include  -I../target/rp1_gcc -I../arch/arm_gcc/bcm283x -I../arch/arm_gcc/common -I../arch/gcc -I.. -I../21_50tt -I./gen -I../tecs_kernel  ./gen/tInterruptRequest_tecsgen.c
arm-none-eabi-gcc -c -MD -MP -MF deps/tISR_tecsgen.d -O2 -Wall -g   -mcpu=arm1176jzf-s  -DTOPPERS_USE_BCM2835 -D__TARGET_ARCH_ARM=6  -I. -I../include  -I../target/rp1_gcc -I../arch/arm_gcc/bcm283x -I../arch/arm_gcc/common -I../arch/gcc -I.. -I../21_50tt -I./gen -I../tecs_kernel  ./gen/tISR_tecsgen.c
arm-none-eabi-gcc -c -MD -MP -MF deps/tInitializeRoutine_tecsgen.d -O2 -Wall -g   -mcpu=arm1176jzf-s  -DTOPPERS_USE_BCM2835 -D__TARGET_ARCH_ARM=6  -I. -I../include  -I../target/rp1_gcc -I../arch/arm_gcc/bcm283x -I../arch/arm_gcc/common -I../arch/gcc -I.. -I../21_50tt -I./gen -I../tecs_kernel  ./gen/tInitializeRoutine_tecsgen.c
arm-none-eabi-gcc -c -MD -MP -MF deps/tTerminateRoutine_tecsgen.d -O2 -Wall -g   -mcpu=arm1176jzf-s  -DTOPPERS_USE_BCM2835 -D__TARGET_ARCH_ARM=6  -I. -I../include  -I../target/rp1_gcc -I../arch/arm_gcc/bcm283x -I../arch/arm_gcc/common -I../arch/gcc -I.. -I../21_50tt -I./gen -I../tecs_kernel  ./gen/tTerminateRoutine_tecsgen.c
arm-none-eabi-gcc -c -MD -MP -MF deps/tSerialPortMain_tecsgen.d -O2 -Wall -g   -mcpu=arm1176jzf-s  -DTOPPERS_USE_BCM2835 -D__TARGET_ARCH_ARM=6  -I. -I../include  -I../target/rp1_gcc -I../arch/arm_gcc/bcm283x -I../arch/arm_gcc/common -I../arch/gcc -I.. -I../21_50tt -I./gen -I../tecs_kernel  ./gen/tSerialPortMain_tecsgen.c
arm-none-eabi-gcc -c -MD -MP -MF deps/tSerialAdapter_tecsgen.d -O2 -Wall -g   -mcpu=arm1176jzf-s  -DTOPPERS_USE_BCM2835 -D__TARGET_ARCH_ARM=6  -I. -I../include  -I../target/rp1_gcc -I../arch/arm_gcc/bcm283x -I../arch/arm_gcc/common -I../arch/gcc -I.. -I../21_50tt -I./gen -I../tecs_kernel  ./gen/tSerialAdapter_tecsgen.c
arm-none-eabi-gcc -c -MD -MP -MF deps/tSysLog_tecsgen.d -O2 -Wall -g   -mcpu=arm1176jzf-s  -DTOPPERS_USE_BCM2835 -D__TARGET_ARCH_ARM=6  -I. -I../include  -I../target/rp1_gcc -I../arch/arm_gcc/bcm283x -I../arch/arm_gcc/common -I../arch/gcc -I.. -I../21_50tt -I./gen -I../tecs_kernel  ./gen/tSysLog_tecsgen.c
arm-none-eabi-gcc -c -MD -MP -MF deps/tSysLogAdapter_tecsgen.d -O2 -Wall -g   -mcpu=arm1176jzf-s  -DTOPPERS_USE_BCM2835 -D__TARGET_ARCH_ARM=6  -I. -I../include  -I../target/rp1_gcc -I../arch/arm_gcc/bcm283x -I../arch/arm_gcc/common -I../arch/gcc -I.. -I../21_50tt -I./gen -I../tecs_kernel  ./gen/tSysLogAdapter_tecsgen.c
arm-none-eabi-gcc -c -MD -MP -MF deps/tLogTaskMain_tecsgen.d -O2 -Wall -g   -mcpu=arm1176jzf-s  -DTOPPERS_USE_BCM2835 -D__TARGET_ARCH_ARM=6  -I. -I../include  -I../target/rp1_gcc -I../arch/arm_gcc/bcm283x -I../arch/arm_gcc/common -I../arch/gcc -I.. -I../21_50tt -I./gen -I../tecs_kernel  ./gen/tLogTaskMain_tecsgen.c
arm-none-eabi-gcc -c -MD -MP -MF deps/tBannerMain_tecsgen.d -O2 -Wall -g   -mcpu=arm1176jzf-s  -DTOPPERS_USE_BCM2835 -D__TARGET_ARCH_ARM=6  -I. -I../include  -I../target/rp1_gcc -I../arch/arm_gcc/bcm283x -I../arch/arm_gcc/common -I../arch/gcc -I.. -I../21_50tt -I./gen -I../tecs_kernel  ./gen/tBannerMain_tecsgen.c
arm-none-eabi-gcc -c -MD -MP -MF deps/tPutLogBCM283X_tecsgen.d -O2 -Wall -g   -mcpu=arm1176jzf-s  -DTOPPERS_USE_BCM2835 -D__TARGET_ARCH_ARM=6  -I. -I../include  -I../target/rp1_gcc -I../arch/arm_gcc/bcm283x -I../arch/arm_gcc/common -I../arch/gcc -I.. -I../21_50tt -I./gen -I../tecs_kernel  ./gen/tPutLogBCM283X_tecsgen.c
arm-none-eabi-gcc -c -MD -MP -MF deps/tUART_tecsgen.d -O2 -Wall -g   -mcpu=arm1176jzf-s  -DTOPPERS_USE_BCM2835 -D__TARGET_ARCH_ARM=6  -I. -I../include  -I../target/rp1_gcc -I../arch/arm_gcc/bcm283x -I../arch/arm_gcc/common -I../arch/gcc -I.. -I../21_50tt -I./gen -I../tecs_kernel  ./gen/tUART_tecsgen.c
arm-none-eabi-gcc -c -MD -MP -MF deps/tSIOPortBCM283XMain_tecsgen.d -O2 -Wall -g   -mcpu=arm1176jzf-s  -DTOPPERS_USE_BCM2835 -D__TARGET_ARCH_ARM=6  -I. -I../include  -I../target/rp1_gcc -I../arch/arm_gcc/bcm283x -I../arch/arm_gcc/common -I../arch/gcc -I.. -I../21_50tt -I./gen -I../tecs_kernel  ./gen/tSIOPortBCM283XMain_tecsgen.c
arm-none-eabi-gcc -c -MD -MP -MF deps/tTask.d -O2 -Wall -g   -mcpu=arm1176jzf-s  -DTOPPERS_USE_BCM2835 -D__TARGET_ARCH_ARM=6  -I. -I../include  -I../target/rp1_gcc -I../arch/arm_gcc/bcm283x -I../arch/arm_gcc/common -I../arch/gcc -I.. -I../21_50tt -I./gen -I../tecs_kernel  ../tecs_kernel/tTask.c
arm-none-eabi-gcc -c -MD -MP -MF deps/tISR.d -O2 -Wall -g   -mcpu=arm1176jzf-s  -DTOPPERS_USE_BCM2835 -D__TARGET_ARCH_ARM=6  -I. -I../include  -I../target/rp1_gcc -I../arch/arm_gcc/bcm283x -I../arch/arm_gcc/common -I../arch/gcc -I.. -I../21_50tt -I./gen -I../tecs_kernel  ../tecs_kernel/tISR.c
arm-none-eabi-gcc -c -MD -MP -MF deps/tInitializeRoutine.d -O2 -Wall -g   -mcpu=arm1176jzf-s  -DTOPPERS_USE_BCM2835 -D__TARGET_ARCH_ARM=6  -I. -I../include  -I../target/rp1_gcc -I../arch/arm_gcc/bcm283x -I../arch/arm_gcc/common -I../arch/gcc -I.. -I../21_50tt -I./gen -I../tecs_kernel  ../tecs_kernel/tInitializeRoutine.c
arm-none-eabi-gcc -c -MD -MP -MF deps/tTerminateRoutine.d -O2 -Wall -g   -mcpu=arm1176jzf-s  -DTOPPERS_USE_BCM2835 -D__TARGET_ARCH_ARM=6  -I. -I../include  -I../target/rp1_gcc -I../arch/arm_gcc/bcm283x -I../arch/arm_gcc/common -I../arch/gcc -I.. -I../21_50tt -I./gen -I../tecs_kernel  ../tecs_kernel/tTerminateRoutine.c
arm-none-eabi-gcc -c -MD -MP -MF deps/tSerialPortMain.d -O2 -Wall -g   -mcpu=arm1176jzf-s  -DTOPPERS_USE_BCM2835 -D__TARGET_ARCH_ARM=6  -I. -I../include  -I../target/rp1_gcc -I../arch/arm_gcc/bcm283x -I../arch/arm_gcc/common -I../arch/gcc -I.. -I../21_50tt -I./gen -I../tecs_kernel  ../syssvc/tSerialPortMain.c
arm-none-eabi-gcc -c -MD -MP -MF deps/tSerialAdapter.d -O2 -Wall -g   -mcpu=arm1176jzf-s  -DTOPPERS_USE_BCM2835 -D__TARGET_ARCH_ARM=6  -I. -I../include  -I../target/rp1_gcc -I../arch/arm_gcc/bcm283x -I../arch/arm_gcc/common -I../arch/gcc -I.. -I../21_50tt -I./gen -I../tecs_kernel  ../syssvc/tSerialAdapter.c
arm-none-eabi-gcc -c -MD -MP -MF deps/tSysLog.d -O2 -Wall -g   -mcpu=arm1176jzf-s  -DTOPPERS_USE_BCM2835 -D__TARGET_ARCH_ARM=6  -I. -I../include  -I../target/rp1_gcc -I../arch/arm_gcc/bcm283x -I../arch/arm_gcc/common -I../arch/gcc -I.. -I../21_50tt -I./gen -I../tecs_kernel  ../syssvc/tSysLog.c
In file included from ./gen/global_tecsgen.h:13:0,
                 from ./gen/tSysLog_tecsgen.h:20,
                 from ../syssvc/tSysLog.c:48:
../arch/arm_gcc/bcm283x/chip_timer.h: In function 'target_hrt_set_event':
../arch/arm_gcc/bcm283x/bcm283x.h:173:28: warning: passing argument 1 of 'sil_rew_mem' makes pointer from integer without a cast
 #define BCM283X_STIMER_CLO (BCM283X_STIMER_BASE + 0x04) /* System Timer Counter Lower bits. */
                            ^
../arch/arm_gcc/bcm283x/chip_timer.h:94:45: note: in expansion of macro 'BCM283X_STIMER_CLO'
  sil_wrw_mem(BCM283X_STIMER_C1, sil_rew_mem(BCM283X_STIMER_CLO) + hrtcnt);
                                             ^
In file included from ../syssvc/tSysLog.c:47:0:
../include/sil.h:209:1: note: expected 'const uint32_t *' but argument is of type 'int'
 sil_rew_mem(const uint32_t *mem)
 ^
In file included from ./gen/global_tecsgen.h:13:0,
                 from ./gen/tSysLog_tecsgen.h:20,
                 from ../syssvc/tSysLog.c:48:
../arch/arm_gcc/bcm283x/bcm283x.h:176:27: warning: passing argument 1 of 'sil_wrw_mem' makes pointer from integer without a cast
 #define BCM283X_STIMER_C1 (BCM283X_STIMER_BASE + 0x10) /* System Timer Compare1. */
                           ^
../arch/arm_gcc/bcm283x/chip_timer.h:94:14: note: in expansion of macro 'BCM283X_STIMER_C1'
  sil_wrw_mem(BCM283X_STIMER_C1, sil_rew_mem(BCM283X_STIMER_CLO) + hrtcnt);
              ^
In file included from ../syssvc/tSysLog.c:47:0:
../include/sil.h:218:1: note: expected 'uint32_t *' but argument is of type 'int'
 sil_wrw_mem(uint32_t *mem, uint32_t data)
 ^
arm-none-eabi-gcc -c -MD -MP -MF deps/tSysLogAdapter.d -O2 -Wall -g   -mcpu=arm1176jzf-s  -DTOPPERS_USE_BCM2835 -D__TARGET_ARCH_ARM=6  -I. -I../include  -I../target/rp1_gcc -I../arch/arm_gcc/bcm283x -I../arch/arm_gcc/common -I../arch/gcc -I.. -I../21_50tt -I./gen -I../tecs_kernel  ../syssvc/tSysLogAdapter.c
arm-none-eabi-gcc -c -MD -MP -MF deps/tLogTaskMain.d -O2 -Wall -g   -mcpu=arm1176jzf-s  -DTOPPERS_USE_BCM2835 -D__TARGET_ARCH_ARM=6  -I. -I../include  -I../target/rp1_gcc -I../arch/arm_gcc/bcm283x -I../arch/arm_gcc/common -I../arch/gcc -I.. -I../21_50tt -I./gen -I../tecs_kernel  ../syssvc/tLogTaskMain.c
arm-none-eabi-gcc -c -MD -MP -MF deps/tPutLogBCM283X.d -O2 -Wall -g   -mcpu=arm1176jzf-s  -DTOPPERS_USE_BCM2835 -D__TARGET_ARCH_ARM=6  -I. -I../include  -I../target/rp1_gcc -I../arch/arm_gcc/bcm283x -I../arch/arm_gcc/common -I../arch/gcc -I.. -I../21_50tt -I./gen -I../tecs_kernel  ../arch/arm_gcc/bcm283x/tPutLogBCM283X.c
arm-none-eabi-gcc -c -MD -MP -MF deps/tUART.d -O2 -Wall -g   -mcpu=arm1176jzf-s  -DTOPPERS_USE_BCM2835 -D__TARGET_ARCH_ARM=6  -I. -I../include  -I../target/rp1_gcc -I../arch/arm_gcc/bcm283x -I../arch/arm_gcc/common -I../arch/gcc -I.. -I../21_50tt -I./gen -I../tecs_kernel  ../arch/arm_gcc/bcm283x/tUART.c
In file included from ./gen/global_tecsgen.h:13:0,
                 from ./gen/tUART_tecsgen.h:20,
                 from ../arch/arm_gcc/bcm283x/tUART.c:46:
../arch/arm_gcc/bcm283x/tUART.c: In function 'uart_getready':
../arch/arm_gcc/bcm283x/bcm283x.h:191:33: warning: passing argument 1 of 'sil_rew_mem' makes pointer from integer without a cast
 #define BCM283X_AUX_MU_LSR_REG  (BCM283X_AUX_BASE + 0x54) /* Mini Uart Line Status 8bit */
                                 ^
../arch/arm_gcc/bcm283x/tUART.c:65:22: note: in expansion of macro 'BCM283X_AUX_MU_LSR_REG'
  return((sil_rew_mem(BCM283X_AUX_MU_LSR_REG) & 0x01) != 0);
                      ^
In file included from ../arch/arm_gcc/bcm283x/tUART.c:45:0:
../include/sil.h:209:1: note: expected 'const uint32_t *' but argument is of type 'int'
 sil_rew_mem(const uint32_t *mem)
 ^
In file included from ./gen/global_tecsgen.h:13:0,
                 from ./gen/tUART_tecsgen.h:20,
                 from ../arch/arm_gcc/bcm283x/tUART.c:46:
../arch/arm_gcc/bcm283x/tUART.c: In function 'uart_putready':
../arch/arm_gcc/bcm283x/bcm283x.h:191:33: warning: passing argument 1 of 'sil_rew_mem' makes pointer from integer without a cast
 #define BCM283X_AUX_MU_LSR_REG  (BCM283X_AUX_BASE + 0x54) /* Mini Uart Line Status 8bit */
                                 ^
../arch/arm_gcc/bcm283x/tUART.c:86:23: note: in expansion of macro 'BCM283X_AUX_MU_LSR_REG'
   return((sil_rew_mem(BCM283X_AUX_MU_LSR_REG) & 0x20) != 0);
                       ^
In file included from ../arch/arm_gcc/bcm283x/tUART.c:45:0:
../include/sil.h:209:1: note: expected 'const uint32_t *' but argument is of type 'int'
 sil_rew_mem(const uint32_t *mem)
 ^
In file included from ./gen/global_tecsgen.h:13:0,
                 from ./gen/tUART_tecsgen.h:20,
                 from ../arch/arm_gcc/bcm283x/tUART.c:46:
../arch/arm_gcc/bcm283x/tUART.c: In function 'uart_getchar':
../arch/arm_gcc/bcm283x/bcm283x.h:186:32: warning: passing argument 1 of 'sil_rew_mem' makes pointer from integer without a cast
 #define BCM283X_AUX_MU_IO_REG  (BCM283X_AUX_BASE + 0x40) /* Mini Uart I/O Data 8bit */
                                ^
../arch/arm_gcc/bcm283x/tUART.c:102:28: note: in expansion of macro 'BCM283X_AUX_MU_IO_REG'
  return((char)(sil_rew_mem(BCM283X_AUX_MU_IO_REG) & 0xFF));
                            ^
In file included from ../arch/arm_gcc/bcm283x/tUART.c:45:0:
../include/sil.h:209:1: note: expected 'const uint32_t *' but argument is of type 'int'
 sil_rew_mem(const uint32_t *mem)
 ^
In file included from ./gen/global_tecsgen.h:13:0,
                 from ./gen/tUART_tecsgen.h:20,
                 from ../arch/arm_gcc/bcm283x/tUART.c:46:
../arch/arm_gcc/bcm283x/tUART.c: In function 'uart_putchar':
../arch/arm_gcc/bcm283x/bcm283x.h:186:32: warning: passing argument 1 of 'sil_wrw_mem' makes pointer from integer without a cast
 #define BCM283X_AUX_MU_IO_REG  (BCM283X_AUX_BASE + 0x40) /* Mini Uart I/O Data 8bit */
                                ^
../arch/arm_gcc/bcm283x/tUART.c:115:14: note: in expansion of macro 'BCM283X_AUX_MU_IO_REG'
  sil_wrw_mem(BCM283X_AUX_MU_IO_REG, c);
              ^
In file included from ../arch/arm_gcc/bcm283x/tUART.c:45:0:
../include/sil.h:218:1: note: expected 'uint32_t *' but argument is of type 'int'
 sil_wrw_mem(uint32_t *mem, uint32_t data)
 ^
In file included from ./gen/global_tecsgen.h:13:0,
                 from ./gen/tUART_tecsgen.h:20,
                 from ../arch/arm_gcc/bcm283x/tUART.c:46:
../arch/arm_gcc/bcm283x/tUART.c: In function 'tUART_eSIOPort_open':
../arch/arm_gcc/bcm283x/bcm283x.h:185:30: warning: passing argument 1 of 'sil_wrw_mem' makes pointer from integer without a cast
 #define BCM283X_AUX_ENABLES  (BCM283X_AUX_BASE + 0x04) /* Auxiliary enables 3bit */
                              ^
../arch/arm_gcc/bcm283x/tUART.c:144:14: note: in expansion of macro 'BCM283X_AUX_ENABLES'
  sil_wrw_mem(BCM283X_AUX_ENABLES, 1);  /* Enable UART1 */
              ^
In file included from ../arch/arm_gcc/bcm283x/tUART.c:45:0:
../include/sil.h:218:1: note: expected 'uint32_t *' but argument is of type 'int'
 sil_wrw_mem(uint32_t *mem, uint32_t data)
 ^
In file included from ./gen/global_tecsgen.h:13:0,
                 from ./gen/tUART_tecsgen.h:20,
                 from ../arch/arm_gcc/bcm283x/tUART.c:46:
../arch/arm_gcc/bcm283x/bcm283x.h:187:33: warning: passing argument 1 of 'sil_wrw_mem' makes pointer from integer without a cast
 #define BCM283X_AUX_MU_IER_REG  (BCM283X_AUX_BASE + 0x44) /* Mini Uart Interrupt Enable 8bit */
                                 ^
../arch/arm_gcc/bcm283x/tUART.c:145:14: note: in expansion of macro 'BCM283X_AUX_MU_IER_REG'
  sil_wrw_mem(BCM283X_AUX_MU_IER_REG, 0);  /* Disable interrupt */
              ^
In file included from ../arch/arm_gcc/bcm283x/tUART.c:45:0:
../include/sil.h:218:1: note: expected 'uint32_t *' but argument is of type 'int'
 sil_wrw_mem(uint32_t *mem, uint32_t data)
 ^
In file included from ./gen/global_tecsgen.h:13:0,
                 from ./gen/tUART_tecsgen.h:20,
                 from ../arch/arm_gcc/bcm283x/tUART.c:46:
../arch/arm_gcc/bcm283x/bcm283x.h:194:34: warning: passing argument 1 of 'sil_wrw_mem' makes pointer from integer without a cast
 #define BCM283X_AUX_MU_CNTL_REG  (BCM283X_AUX_BASE + 0x60) /* Mini Uart Extra Control 8bit */
                                  ^
../arch/arm_gcc/bcm283x/tUART.c:146:14: note: in expansion of macro 'BCM283X_AUX_MU_CNTL_REG'
  sil_wrw_mem(BCM283X_AUX_MU_CNTL_REG, 0); /* Disable Transmitter and Receiver */
              ^
In file included from ../arch/arm_gcc/bcm283x/tUART.c:45:0:
../include/sil.h:218:1: note: expected 'uint32_t *' but argument is of type 'int'
 sil_wrw_mem(uint32_t *mem, uint32_t data)
 ^
In file included from ./gen/global_tecsgen.h:13:0,
                 from ./gen/tUART_tecsgen.h:20,
                 from ../arch/arm_gcc/bcm283x/tUART.c:46:
../arch/arm_gcc/bcm283x/bcm283x.h:189:33: warning: passing argument 1 of 'sil_wrw_mem' makes pointer from integer without a cast
 #define BCM283X_AUX_MU_LCR_REG  (BCM283X_AUX_BASE + 0x4C) /* Mini Uart Line Control 8bit */
                                 ^
../arch/arm_gcc/bcm283x/tUART.c:147:14: note: in expansion of macro 'BCM283X_AUX_MU_LCR_REG'
  sil_wrw_mem(BCM283X_AUX_MU_LCR_REG, 3);  /* Works in 8-bit mode */
              ^
In file included from ../arch/arm_gcc/bcm283x/tUART.c:45:0:
../include/sil.h:218:1: note: expected 'uint32_t *' but argument is of type 'int'
 sil_wrw_mem(uint32_t *mem, uint32_t data)
 ^
In file included from ./gen/global_tecsgen.h:13:0,
                 from ./gen/tUART_tecsgen.h:20,
                 from ../arch/arm_gcc/bcm283x/tUART.c:46:
../arch/arm_gcc/bcm283x/bcm283x.h:190:33: warning: passing argument 1 of 'sil_wrw_mem' makes pointer from integer without a cast
 #define BCM283X_AUX_MU_MCR_REG  (BCM283X_AUX_BASE + 0x50) /* Mini Uart Modem Control 8bit */
                                 ^
../arch/arm_gcc/bcm283x/tUART.c:148:14: note: in expansion of macro 'BCM283X_AUX_MU_MCR_REG'
  sil_wrw_mem(BCM283X_AUX_MU_MCR_REG, 0);  /* Disable RTS */
              ^
In file included from ../arch/arm_gcc/bcm283x/tUART.c:45:0:
../include/sil.h:218:1: note: expected 'uint32_t *' but argument is of type 'int'
 sil_wrw_mem(uint32_t *mem, uint32_t data)
 ^
In file included from ./gen/global_tecsgen.h:13:0,
                 from ./gen/tUART_tecsgen.h:20,
                 from ../arch/arm_gcc/bcm283x/tUART.c:46:
../arch/arm_gcc/bcm283x/bcm283x.h:188:33: warning: passing argument 1 of 'sil_wrw_mem' makes pointer from integer without a cast
 #define BCM283X_AUX_MU_IIR_REG  (BCM283X_AUX_BASE + 0x48) /* Mini Uart Interrupt Identify 8bit */
                                 ^
../arch/arm_gcc/bcm283x/tUART.c:150:14: note: in expansion of macro 'BCM283X_AUX_MU_IIR_REG'
  sil_wrw_mem(BCM283X_AUX_MU_IIR_REG, 0xC6); /* Enable FIFO, Clear FIFO */
              ^
In file included from ../arch/arm_gcc/bcm283x/tUART.c:45:0:
../include/sil.h:218:1: note: expected 'uint32_t *' but argument is of type 'int'
 sil_wrw_mem(uint32_t *mem, uint32_t data)
 ^
In file included from ./gen/global_tecsgen.h:13:0,
                 from ./gen/tUART_tecsgen.h:20,
                 from ../arch/arm_gcc/bcm283x/tUART.c:46:
../arch/arm_gcc/bcm283x/bcm283x.h:196:34: warning: passing argument 1 of 'sil_wrw_mem' makes pointer from integer without a cast
 #define BCM283X_AUX_MU_BAUD_REG  (BCM283X_AUX_BASE + 0x68) /* Mini Uart Baudrate 16bit */
                                  ^
../arch/arm_gcc/bcm283x/tUART.c:154:14: note: in expansion of macro 'BCM283X_AUX_MU_BAUD_REG'
  sil_wrw_mem(BCM283X_AUX_MU_BAUD_REG, baud); /* 115200 = system clock 250MHz / (8 * (baud + 1)), baud = 270 */
              ^
In file included from ../arch/arm_gcc/bcm283x/tUART.c:45:0:
../include/sil.h:218:1: note: expected 'uint32_t *' but argument is of type 'int'
 sil_wrw_mem(uint32_t *mem, uint32_t data)
 ^
In file included from ./gen/global_tecsgen.h:13:0,
                 from ./gen/tUART_tecsgen.h:20,
                 from ../arch/arm_gcc/bcm283x/tUART.c:46:
../arch/arm_gcc/bcm283x/bcm283x.h:194:34: warning: passing argument 1 of 'sil_wrw_mem' makes pointer from integer without a cast
 #define BCM283X_AUX_MU_CNTL_REG  (BCM283X_AUX_BASE + 0x60) /* Mini Uart Extra Control 8bit */
                                  ^
../arch/arm_gcc/bcm283x/tUART.c:155:14: note: in expansion of macro 'BCM283X_AUX_MU_CNTL_REG'
  sil_wrw_mem(BCM283X_AUX_MU_CNTL_REG, 3); /* Enable Transmitter and Receiver */
              ^
In file included from ../arch/arm_gcc/bcm283x/tUART.c:45:0:
../include/sil.h:218:1: note: expected 'uint32_t *' but argument is of type 'int'
 sil_wrw_mem(uint32_t *mem, uint32_t data)
 ^
In file included from ./gen/global_tecsgen.h:13:0,
                 from ./gen/tUART_tecsgen.h:20,
                 from ../arch/arm_gcc/bcm283x/tUART.c:46:
../arch/arm_gcc/bcm283x/tUART.c: In function 'tUART_eSIOPort_close':
../arch/arm_gcc/bcm283x/bcm283x.h:185:30: warning: passing argument 1 of 'sil_wrw_mem' makes pointer from integer without a cast
 #define BCM283X_AUX_ENABLES  (BCM283X_AUX_BASE + 0x04) /* Auxiliary enables 3bit */
                              ^
../arch/arm_gcc/bcm283x/tUART.c:189:14: note: in expansion of macro 'BCM283X_AUX_ENABLES'
  sil_wrw_mem(BCM283X_AUX_ENABLES, 0);  /* Disable UART1 */
              ^
In file included from ../arch/arm_gcc/bcm283x/tUART.c:45:0:
../include/sil.h:218:1: note: expected 'uint32_t *' but argument is of type 'int'
 sil_wrw_mem(uint32_t *mem, uint32_t data)
 ^
In file included from ./gen/global_tecsgen.h:13:0,
                 from ./gen/tUART_tecsgen.h:20,
                 from ../arch/arm_gcc/bcm283x/tUART.c:46:
../arch/arm_gcc/bcm283x/bcm283x.h:187:33: warning: passing argument 1 of 'sil_wrw_mem' makes pointer from integer without a cast
 #define BCM283X_AUX_MU_IER_REG  (BCM283X_AUX_BASE + 0x44) /* Mini Uart Interrupt Enable 8bit */
                                 ^
../arch/arm_gcc/bcm283x/tUART.c:190:14: note: in expansion of macro 'BCM283X_AUX_MU_IER_REG'
  sil_wrw_mem(BCM283X_AUX_MU_IER_REG, 0);  /* Disable interrupt */
              ^
In file included from ../arch/arm_gcc/bcm283x/tUART.c:45:0:
../include/sil.h:218:1: note: expected 'uint32_t *' but argument is of type 'int'
 sil_wrw_mem(uint32_t *mem, uint32_t data)
 ^
In file included from ./gen/global_tecsgen.h:13:0,
                 from ./gen/tUART_tecsgen.h:20,
                 from ../arch/arm_gcc/bcm283x/tUART.c:46:
../arch/arm_gcc/bcm283x/bcm283x.h:194:34: warning: passing argument 1 of 'sil_wrw_mem' makes pointer from integer without a cast
 #define BCM283X_AUX_MU_CNTL_REG  (BCM283X_AUX_BASE + 0x60) /* Mini Uart Extra Control 8bit */
                                  ^
../arch/arm_gcc/bcm283x/tUART.c:191:14: note: in expansion of macro 'BCM283X_AUX_MU_CNTL_REG'
  sil_wrw_mem(BCM283X_AUX_MU_CNTL_REG, 0); /* Disable Transmitter and Receiver */
              ^
In file included from ../arch/arm_gcc/bcm283x/tUART.c:45:0:
../include/sil.h:218:1: note: expected 'uint32_t *' but argument is of type 'int'
 sil_wrw_mem(uint32_t *mem, uint32_t data)
 ^
../arch/arm_gcc/bcm283x/tUART.c:186:10: warning: unused variable 'p_cellcb' [-Wunused-variable]
  CELLCB *p_cellcb = GET_CELLCB(idx);
          ^
../arch/arm_gcc/bcm283x/tUART.c: In function 'tUART_eSIOPort_getChar':
../arch/arm_gcc/bcm283x/tUART.c:219:7: warning: unused variable 'c' [-Wunused-variable]
  char c;
       ^
In file included from ./gen/global_tecsgen.h:13:0,
                 from ./gen/tUART_tecsgen.h:20,
                 from ../arch/arm_gcc/bcm283x/tUART.c:46:
../arch/arm_gcc/bcm283x/tUART.c: In function 'tUART_eSIOPort_enableCBR':
../arch/arm_gcc/bcm283x/bcm283x.h:187:33: warning: passing argument 1 of 'sil_rew_mem' makes pointer from integer without a cast
 #define BCM283X_AUX_MU_IER_REG  (BCM283X_AUX_BASE + 0x44) /* Mini Uart Interrupt Enable 8bit */
                                 ^
../arch/arm_gcc/bcm283x/tUART.c:237:21: note: in expansion of macro 'BCM283X_AUX_MU_IER_REG'
  imsc = sil_rew_mem(BCM283X_AUX_MU_IER_REG);
                     ^
In file included from ../arch/arm_gcc/bcm283x/tUART.c:45:0:
../include/sil.h:209:1: note: expected 'const uint32_t *' but argument is of type 'int'
 sil_rew_mem(const uint32_t *mem)
 ^
In file included from ./gen/global_tecsgen.h:13:0,
                 from ./gen/tUART_tecsgen.h:20,
                 from ../arch/arm_gcc/bcm283x/tUART.c:46:
../arch/arm_gcc/bcm283x/bcm283x.h:187:33: warning: passing argument 1 of 'sil_wrw_mem' makes pointer from integer without a cast
 #define BCM283X_AUX_MU_IER_REG  (BCM283X_AUX_BASE + 0x44) /* Mini Uart Interrupt Enable 8bit */
                                 ^
../arch/arm_gcc/bcm283x/tUART.c:258:14: note: in expansion of macro 'BCM283X_AUX_MU_IER_REG'
  sil_wrw_mem(BCM283X_AUX_MU_IER_REG, imsc);
              ^
In file included from ../arch/arm_gcc/bcm283x/tUART.c:45:0:
../include/sil.h:218:1: note: expected 'uint32_t *' but argument is of type 'int'
 sil_wrw_mem(uint32_t *mem, uint32_t data)
 ^
../arch/arm_gcc/bcm283x/tUART.c:233:11: warning: unused variable 'p_cellcb' [-Wunused-variable]
  CELLCB  *p_cellcb = GET_CELLCB(idx);
           ^
In file included from ./gen/global_tecsgen.h:13:0,
                 from ./gen/tUART_tecsgen.h:20,
                 from ../arch/arm_gcc/bcm283x/tUART.c:46:
../arch/arm_gcc/bcm283x/tUART.c: In function 'tUART_eSIOPort_disableCBR':
../arch/arm_gcc/bcm283x/bcm283x.h:187:33: warning: passing argument 1 of 'sil_rew_mem' makes pointer from integer without a cast
 #define BCM283X_AUX_MU_IER_REG  (BCM283X_AUX_BASE + 0x44) /* Mini Uart Interrupt Enable 8bit */
                                 ^
../arch/arm_gcc/bcm283x/tUART.c:274:21: note: in expansion of macro 'BCM283X_AUX_MU_IER_REG'
  imsc = sil_rew_mem(BCM283X_AUX_MU_IER_REG);
                     ^
In file included from ../arch/arm_gcc/bcm283x/tUART.c:45:0:
../include/sil.h:209:1: note: expected 'const uint32_t *' but argument is of type 'int'
 sil_rew_mem(const uint32_t *mem)
 ^
In file included from ./gen/global_tecsgen.h:13:0,
                 from ./gen/tUART_tecsgen.h:20,
                 from ../arch/arm_gcc/bcm283x/tUART.c:46:
../arch/arm_gcc/bcm283x/bcm283x.h:187:33: warning: passing argument 1 of 'sil_wrw_mem' makes pointer from integer without a cast
 #define BCM283X_AUX_MU_IER_REG  (BCM283X_AUX_BASE + 0x44) /* Mini Uart Interrupt Enable 8bit */
                                 ^
../arch/arm_gcc/bcm283x/tUART.c:295:14: note: in expansion of macro 'BCM283X_AUX_MU_IER_REG'
  sil_wrw_mem(BCM283X_AUX_MU_IER_REG, imsc);
              ^
In file included from ../arch/arm_gcc/bcm283x/tUART.c:45:0:
../include/sil.h:218:1: note: expected 'uint32_t *' but argument is of type 'int'
 sil_wrw_mem(uint32_t *mem, uint32_t data)
 ^
../arch/arm_gcc/bcm283x/tUART.c:270:11: warning: unused variable 'p_cellcb' [-Wunused-variable]
  CELLCB  *p_cellcb = GET_CELLCB(idx);
           ^
arm-none-eabi-gcc -c -MD -MP -MF deps/kernel_cfg.d -O2 -Wall -g   -mcpu=arm1176jzf-s  -DTOPPERS_USE_BCM2835 -D__TARGET_ARCH_ARM=6  -I. -I../include  -I../target/rp1_gcc -I../arch/arm_gcc/bcm283x -I../arch/arm_gcc/common -I../arch/gcc -I.. -I../21_50tt -I./gen -I../tecs_kernel -DTOPPERS_CB_TYPE_ONLY  kernel_cfg.c
In file included from ../target/rp1_gcc/target_kernel_impl.h:79:0,
                 from ../kernel/kernel_impl.h:75,
                 from ../kernel/kernel_int.h:53,
                 from kernel_cfg.c:2:
../arch/arm_gcc/bcm283x/chip_kernel_impl.h: In function 'probe_int':
../arch/arm_gcc/bcm283x/chip_kernel_impl.h:464:2: warning: implicit declaration of function 'bcm283x_probe_pending' [-Wimplicit-function-declaration]
  return(bcm283x_probe_pending(intno));
  ^
In file included from ../target/rp1_gcc/target_kernel_impl.h:56:0,
                 from ../kernel/kernel_impl.h:75,
                 from ../kernel/kernel_int.h:53,
                 from kernel_cfg.c:2:
../arch/arm_gcc/bcm283x/chip_timer.h: In function '_kernel_target_hrt_set_event':
../arch/arm_gcc/bcm283x/bcm283x.h:173:28: warning: passing argument 1 of 'sil_rew_mem' makes pointer from integer without a cast
 #define BCM283X_STIMER_CLO (BCM283X_STIMER_BASE + 0x04) /* System Timer Counter Lower bits. */
                            ^
../arch/arm_gcc/bcm283x/chip_timer.h:94:45: note: in expansion of macro 'BCM283X_STIMER_CLO'
  sil_wrw_mem(BCM283X_STIMER_C1, sil_rew_mem(BCM283X_STIMER_CLO) + hrtcnt);
                                             ^
In file included from ../arch/arm_gcc/bcm283x/chip_kernel_impl.h:59:0,
                 from ../target/rp1_gcc/target_kernel_impl.h:79,
                 from ../kernel/kernel_impl.h:75,
                 from ../kernel/kernel_int.h:53,
                 from kernel_cfg.c:2:
../include/sil.h:209:1: note: expected 'const uint32_t *' but argument is of type 'int'
 sil_rew_mem(const uint32_t *mem)
 ^
In file included from ../target/rp1_gcc/target_kernel_impl.h:56:0,
                 from ../kernel/kernel_impl.h:75,
                 from ../kernel/kernel_int.h:53,
                 from kernel_cfg.c:2:
../arch/arm_gcc/bcm283x/bcm283x.h:176:27: warning: passing argument 1 of 'sil_wrw_mem' makes pointer from integer without a cast
 #define BCM283X_STIMER_C1 (BCM283X_STIMER_BASE + 0x10) /* System Timer Compare1. */
                           ^
../arch/arm_gcc/bcm283x/chip_timer.h:94:14: note: in expansion of macro 'BCM283X_STIMER_C1'
  sil_wrw_mem(BCM283X_STIMER_C1, sil_rew_mem(BCM283X_STIMER_CLO) + hrtcnt);
              ^
In file included from ../arch/arm_gcc/bcm283x/chip_kernel_impl.h:59:0,
                 from ../target/rp1_gcc/target_kernel_impl.h:79,
                 from ../kernel/kernel_impl.h:75,
                 from ../kernel/kernel_int.h:53,
                 from kernel_cfg.c:2:
../include/sil.h:218:1: note: expected 'uint32_t *' but argument is of type 'int'
 sil_wrw_mem(uint32_t *mem, uint32_t data)
 ^
arm-none-eabi-gcc -c -MD -MP -MF deps/tBannerMain.d -O2 -Wall -g   -mcpu=arm1176jzf-s  -DTOPPERS_USE_BCM2835 -D__TARGET_ARCH_ARM=6  -I. -I../include  -I../target/rp1_gcc -I../arch/arm_gcc/bcm283x -I../arch/arm_gcc/common -I../arch/gcc -I.. -I../21_50tt -I./gen -I../tecs_kernel  ../syssvc/tBannerMain.c
../syssvc/tBannerMain.c: In function 'tBannerMain_eBannerInitialize_main':
../syssvc/tBannerMain.c:68:8: warning: implicit declaration of function 'syslog_msk_log' [-Wimplicit-function-declaration]
        syslog_msk_log(LOG_UPTO(LOG_DEBUG), LOG_UPTO(LOG_DEBUG));  // 2018_06 TT
        ^
arm-none-eabi-gcc -O2 -Wall -g   -mcpu=arm1176jzf-s  -DTOPPERS_USE_BCM2835 -D__TARGET_ARCH_ARM=6  -I. -I../include  -I../target/rp1_gcc -I../arch/arm_gcc/bcm283x -I../arch/arm_gcc/common -I../arch/gcc -I.. -I../21_50tt -I./gen -I../tecs_kernel -nostdlib  -mcpu=arm1176jzf-s  -T ../target/rp1_gcc/rp1.ld  -L../KERNEL_LIB -o 21_50ttV100 \
		start.o startup12.o sample1.o  moncont50New.o   cliBNew.o commands50New.o  mailbox50I.o  common.o mailboxApi.o interrupt50I.o mini_serialPi1.o timer.o raspGPIO1.o led10.o buttonPi1.o  buzzer.o  spi0.o  i2c1.o  ADT7310.o   AQM0802p.o log_output.o vasyslog.o t_perror.o strerror.o   init_tecs.o tTask_tecsgen.o tSemaphore_tecsgen.o tInterruptRequest_tecsgen.o tISR_tecsgen.o tInitializeRoutine_tecsgen.o tTerminateRoutine_tecsgen.o tSerialPortMain_tecsgen.o tSerialAdapter_tecsgen.o tSysLog_tecsgen.o tSysLogAdapter_tecsgen.o tLogTaskMain_tecsgen.o tBannerMain_tecsgen.o tPutLogBCM283X_tecsgen.o tUART_tecsgen.o tSIOPortBCM283XMain_tecsgen.o   tTask.o tISR.o tInitializeRoutine.o tTerminateRoutine.o tSerialPortMain.o tSerialAdapter.o tSysLog.o tSysLogAdapter.o tLogTaskMain.o tBannerMain.o tPutLogBCM283X.o tUART.o     kernel_cfg.o  \
		-lkernel -lc -lgcc  
arm-none-eabi-nm -n 21_50ttV100 > 21_50ttV100.syms
arm-none-eabi-objcopy -O srec -S 21_50ttV100 21_50ttV100.srec
arm-none-eabi-objcopy -O binary -S 21_50ttV100 kernel.img
ruby ../cfg/cfg.rb --pass 3 --kernel asp -O -I. -I../include  -I../target/rp1_gcc -I../arch/arm_gcc/bcm283x -I../arch/arm_gcc/common -I../arch/gcc -I.. -I../21_50tt -I./gen -I../tecs_kernel -T ../target/rp1_gcc/target_check.trb \
			--rom-symbol 21_50ttV100.syms --rom-image 21_50ttV100.srec
configuration check passed
make[1]: Leaving directory '/mnt/k/asp3_Rp1_21_0v1Web2019/build21_50tt'
