/usr/bin/arm-none-eabi-gcc -msoft-float -g -O2 -I. -I.. -I/usr/local/include -c startup01.S -o startup01.o
/usr/bin/arm-none-eabi-gcc -msoft-float -g -O2 -I. -I.. -I/usr/local/include -c startupadd.S -o startupadd.o
/usr/bin/arm-none-eabi-gcc -msoft-float -g -O2 -I. -I.. -I/usr/local/include -c serial.c -o serial.o
/usr/bin/arm-none-eabi-gcc -msoft-float -g -O2 -I. -I.. -I/usr/local/include -c gpio.c -o gpio.o
/usr/bin/arm-none-eabi-gcc -msoft-float -g -O2 -I. -I.. -I/usr/local/include -c syscalls.c -o syscalls.o
syscalls.c: In function '_sbrk':
syscalls.c:147:23: warning: comparison between pointer and integer
   if (heap_end + incr > stack_ptr)
                       ^
/usr/bin/arm-none-eabi-gcc -msoft-float -g -O2 -I. -I.. -I/usr/local/include -c led10.c -o led10.o
/usr/bin/arm-none-eabi-gcc -msoft-float -g -O2 -I. -I.. -I/usr/local/include -c mini_serialPi1.c -o mini_serialPi1.o
/usr/bin/arm-none-eabi-gcc -msoft-float -g -O2 -I. -I.. -I/usr/local/include -c buzzer.c -o buzzer.o
/usr/bin/arm-none-eabi-gcc -msoft-float -g -O2 -I. -I.. -I/usr/local/include -c buttonPi1.c -o buttonPi1.o
/usr/bin/arm-none-eabi-gcc -msoft-float -g -O2 -I. -I.. -I/usr/local/include -c i2c1.c -o i2c1.o
i2c1.c:4:1: warning: data definition has no type or storage class
 gpio_configure(int, int);// pin,mode
 ^
/usr/bin/arm-none-eabi-gcc -msoft-float -g -O2 -I. -I.. -I/usr/local/include -c spi0.c -o spi0.o
spi0.c:4:1: warning: data definition has no type or storage class
 gpio_configure(int, int);// pin,mode
 ^
/usr/bin/arm-none-eabi-gcc -msoft-float -g -O2 -I. -I.. -I/usr/local/include -c raspGPIO1.c -o raspGPIO1.o
/usr/bin/arm-none-eabi-gcc -msoft-float -g -O2 -I. -I.. -I/usr/local/include -c timer.c -o timer.o
/usr/bin/arm-none-eabi-gcc -msoft-float -g -O2 -I. -I.. -I/usr/local/include -c ADT7310.c -o ADT7310.o
/usr/bin/arm-none-eabi-gcc -msoft-float -g -O2 -I. -I.. -I/usr/local/include -c AQM0802p.c -o AQM0802p.o
/usr/bin/arm-none-eabi-gcc -msoft-float -g -O2 -I. -I.. -I/usr/local/include -c main000.c -o main000.o
/usr/bin/arm-none-eabi-gcc -msoft-float -g -O2 -I. -I.. -I/usr/local/include -c atoix_itoa.c -o atoix_itoa.o
/usr/bin/arm-none-eabi-ld -T viperlite10.ld -Map Rpi00_0Pai1_v001.map startup01.o startupadd.o  serial.o  gpio.o syscalls.o  led10.o mini_serialPi1.o buzzer.o buttonPi1.o i2c1.o spi0.o  raspGPIO1.o timer.o ADT7310.o AQM0802p.o main000.o atoix_itoa.o -L/usr/lib/gcc/arm-none-eabi/4.8.2/ -L/usr/lib/arm-none-eabi/newlib/ -lc -lgcc -lc -o Rpi00_0Pai1_v001.out
/usr/bin/arm-none-eabi-objcopy -O srec Rpi00_0Pai1_v001.out Rpi00_0Pai1_v001.mot
/usr/bin/arm-none-eabi-objcopy -O ihex Rpi00_0Pai1_v001.out Rpi00_0Pai1_v001.hex
/usr/bin/arm-none-eabi-objcopy -O binary Rpi00_0Pai1_v001.out Rpi00_0Pai1_v001.bin
/usr/bin/arm-none-eabi-objcopy -O binary Rpi00_0Pai1_v001.out kernel7.img
